<?xml version="1.0" encoding="UTF-8" ?>
<testsuite errors="0" failures="0" hostname="PHUSEH-W64030" name="com.calc.Junit.FunctionsTest" tests="3" time="0.078" timestamp="2015-04-29T11:18:33">
  <properties>
[...]
</properties>
  <testcase classname="com.calc.Junit.FunctionsTest" name="testAdd" time="0.0" />
  <testcase classname="com.calc.Junit.FunctionsTest" name="testSub" time="0.0" />
  <testcase classname="com.calc.Junit.FunctionsTest" name="testMultiply" time="0.0" />
  <system-out><![CDATA[]]></system-out>
  <system-err><![CDATA[]]></system-err>
</testsuite>
